[2026-01-13 03:18:49] (PID: 9948)	MSG: Main process launched.
[2026-01-13 03:18:50] (PID: 9948)	MSG: Counter value is 3.
[2026-01-13 03:18:51] (PID: 9948)	MSG: Counter value is 6.
[2026-01-13 03:18:52] (PID: 9948)	MSG: Counter value is 9.
[2026-01-13 03:18:52] (PID: 13276)	MSG: Copy 1 process launched.
[2026-01-13 03:18:52] (PID: 13276)	MSG: Copy 1 process completed.
[2026-01-13 03:18:52] (PID: 15480)	MSG: Copy 2 process launched.
[2026-01-13 03:18:53] (PID: 9948)	MSG: Counter value is 42.
[2026-01-13 03:18:54] (PID: 9948)	MSG: Counter value is 45.
[2026-01-13 03:18:54] (PID: 15480)	MSG: Copy 2 process completed.
[2026-01-13 03:18:55] (PID: 9948)	MSG: Counter value is 25.
[2026-01-13 03:18:55] (PID: 4624)	MSG: Copy 1 process launched.
[2026-01-13 03:18:55] (PID: 4624)	MSG: Copy 1 process completed.
[2026-01-13 03:18:55] (PID: 12464)	MSG: Main process launched.
[2026-01-13 03:18:56] (PID: 12464)	MSG: Counter value is 6.
[2026-01-13 03:18:57] (PID: 1608)	MSG: Copy 2 process completed.
[2026-01-13 03:18:57] (PID: 12464)	MSG: Counter value is 8.
[2026-01-13 03:18:58] (PID: 12464)	MSG: Counter value is 15.
[2026-01-13 03:18:58] (PID: 13264)	MSG: Copy 1 process launched.
[2026-01-13 03:18:58] (PID: 13264)	MSG: Copy 1 process completed.
[2026-01-13 03:18:58] (PID: 19300)	MSG: Copy 2 process launched.
[2026-01-13 03:18:59] (PID: 12464)	MSG: Counter value is 56.
[2026-01-13 03:19:00] (PID: 12464)	MSG: Counter value is 63.
[2026-01-13 03:19:00] (PID: 19300)	MSG: Copy 2 process completed.
[2026-01-13 03:19:01] (PID: 9076)	MSG: Main process launched.
[2026-01-13 03:19:02] (PID: 9076)	MSG: Counter value is 10.
[2026-01-13 03:19:03] (PID: 9076)	MSG: Counter value is 20.
[2026-01-13 03:19:04] (PID: 9076)	MSG: Counter value is 30.
[2026-01-13 03:19:04] (PID: 17004)	MSG: Copy 1 process launched.
[2026-01-13 03:19:04] (PID: 17004)	MSG: Copy 1 process completed.
[2026-01-13 03:19:05] (PID: 9076)	MSG: Counter value is 90.
[2026-01-13 03:19:06] (PID: 9076)	MSG: Counter value is 100.
[2026-01-13 03:19:06] (PID: 13284)	MSG: Copy 2 process completed.
[2026-01-13 03:19:06] (PID: 9076)	MSG: Main process completed.
[2026-01-13 03:19:07] (PID: 9948)	MSG: Counter value is 56.
[2026-01-13 03:19:07] (PID: 19424)	MSG: Copy 1 process launched.
[2026-01-13 03:19:07] (PID: 19424)	MSG: Copy 1 process completed.
[2026-01-13 03:19:07] (PID: 15604)	MSG: Copy 2 process launched.
[2026-01-13 03:19:08] (PID: 9948)	MSG: Counter value is 139.
[2026-01-13 03:19:09] (PID: 9948)	MSG: Counter value is 145.
[2026-01-13 03:19:09] (PID: 15604)	MSG: Copy 2 process completed.
[2026-01-13 03:19:10] (PID: 9948)	MSG: Counter value is 10000.
[2026-01-13 03:19:10] (PID: 8864)	MSG: Copy 1 process launched.
[2026-01-13 03:19:10] (PID: 8864)	MSG: Copy 1 process completed.
[2026-01-13 03:19:10] (PID: 14560)	MSG: Copy 2 process launched.
[2026-01-13 03:19:11] (PID: 9948)	MSG: Counter value is 20027.
[2026-01-13 03:19:12] (PID: 9948)	MSG: Counter value is 20033.
[2026-01-13 03:19:12] (PID: 14560)	MSG: Copy 2 process completed.
[2026-01-13 03:19:13] (PID: 9948)	MSG: Counter value is 10023.
[2026-01-13 03:19:13] (PID: 16208)	MSG: Copy 1 process launched.
[2026-01-13 03:19:13] (PID: 16208)	MSG: Copy 1 process completed.
[2026-01-13 03:19:13] (PID: 17824)	MSG: Copy 2 process launched.
[2026-01-13 03:19:14] (PID: 9948)	MSG: Counter value is 20073.
[2026-01-13 03:19:14] (PID: 12464)	MSG: Counter value is 20076.
[2026-01-13 03:19:15] (PID: 17824)	MSG: Copy 2 process completed.
[2026-01-13 03:19:15] (PID: 9948)	MSG: Main process completed.
[2026-01-13 03:19:15] (PID: 12464)	MSG: Counter value is 10040.
[2026-01-13 03:19:16] (PID: 12464)	MSG: Counter value is 10044.
[2026-01-13 03:19:16] (PID: 9552)	MSG: Copy 1 process launched.
[2026-01-13 03:19:16] (PID: 9552)	MSG: Copy 1 process completed.
[2026-01-13 03:19:18] (PID: 10544)	MSG: Copy 2 process completed.
[2026-01-13 03:19:18] (PID: 12464)	MSG: Main process completed.
